Folder PATH listing
Volume serial number is 841B-4F7E
C:\USERS\SAUL\SOURCE\REPOS\TFG\RL-STATS-TO-CLOUD-RUST
|   bun.lock
|   Cargo.lock
|   Cargo.toml
|   deny.toml
|   index.html
|   package.json
|   README.md
|   tsconfig.json
|   vite.config.ts
|       
+---core
|   |   .gitignore
|   |   Cargo.toml
|   |   
|   \---src
|       |   config.rs
|       |   connector.rs
|       |   firebase_auth.rs
|       |   firebase.rs
|       |   lib.rs
|       |   main.rs
|       |   
|       +---daemon
|       |       client.rs
|       |       control.rs
|       |       mod.rs
|       |       protocol.rs
|       |       ui_server.rs
|       |       
|       \---worker
|               actors.rs
|               context.rs
|               events.rs
|               mod.rs
|               transformer.rs
|           
+---docs
|   |   architecture.md
|   |   development.md
|   |   firebase-base-schema.json
|   |   firebase-base-schema_v2.json
|   |   operations.md
|   |   pipeline.md
|   |   
|   +---assets
|   +---decisions
|       
+---public
|       favicon.png
|       
+---scripts
|       check-no-sync-socket-async.sh
|       
+---src
|   |   api.ts
|   |   constants.ts
|   |   main.ts
|   |   schemas.ts
|   |   styles.css
|   |   ui.ts
|   |   
|   \---assets
|           tauri.svg
|           typescript.svg
|           vite.svg
|           
+---src-tauri
|   |   .gitignore
|   |   .taurignore
|   |   build.rs
|   |   Cargo.lock
|   |   Cargo.toml
|   |   clippy.toml
|   |   deny.toml
|   |   rustfmt.toml
|   |   tauri.conf.json
|   |   
|   +---capabilities
|   |       default.json
|   |           
|   +---icons
|   |       
|   +---src
|   |   |   lib.rs
|   |   |   main.rs
|   |   |   
|   |   +---bridge
|   |   |       lifecycle.rs
|   |   |       mod.rs
|   |   |       transport.rs
|   |   |       
|   |   \---commands
|   |           mod.rs
|   |           
|   \---target
\---target